23:53:57.707 [restartedMain] INFO  c.r.RuoYiApplication - [logStarting,55] - Starting RuoYiApplication using Java 1.8.0_332 on yangyidadeMacBook-Pro.local with PID 75958 (/Users/yangyida/Downloads/RuoYi-Vue-master/ruoyi-admin/target/classes started by yangyida in /Users/yangyida/Downloads/RuoYi-Vue-master)
23:53:57.713 [restartedMain] INFO  c.r.RuoYiApplication - [logStartupProfileInfo,686] - The following 1 profile is active: "druid"
23:53:57.716 [background-preinit] INFO  o.h.v.i.util.Version - [<clinit>,21] - HV000001: Hibernate Validator 6.2.3.Final
23:54:00.120 [restartedMain] INFO  o.a.c.h.Http11NioProtocol - [log,173] - Initializing ProtocolHandler ["http-nio-8080"]
23:54:00.121 [restartedMain] INFO  o.a.c.c.StandardService - [log,173] - Starting service [Tomcat]
23:54:00.122 [restartedMain] INFO  o.a.c.c.StandardEngine - [log,173] - Starting Servlet engine: [Apache Tomcat/9.0.63]
23:54:00.173 [restartedMain] INFO  o.a.c.c.C.[.[.[/] - [log,173] - Initializing Spring embedded WebApplicationContext
23:54:01.687 [restartedMain] INFO  c.a.d.p.DruidDataSource - [init,985] - {dataSource-1} inited
23:54:01.692 [restartedMain] INFO  c.a.d.p.DruidDataSource - [close,2105] - {dataSource-1} closing ...
23:54:01.695 [restartedMain] INFO  c.a.d.p.DruidDataSource - [close,2178] - {dataSource-1} closed
23:54:01.728 [restartedMain] INFO  o.a.c.c.StandardService - [log,173] - Stopping service [Tomcat]
23:54:28.730 [restartedMain] INFO  c.r.RuoYiApplication - [logStarting,55] - Starting RuoYiApplication using Java 1.8.0_332 on yangyidadeMacBook-Pro.local with PID 76222 (/Users/yangyida/Documents/project/warehouse_management_system/RuoYi-Vue-master/ruoyi-admin/target/classes started by yangyida in /Users/yangyida/Documents/project/warehouse_management_system/RuoYi-Vue-master)
23:54:28.734 [restartedMain] INFO  c.r.RuoYiApplication - [logStartupProfileInfo,686] - The following 1 profile is active: "druid"
23:54:28.735 [background-preinit] INFO  o.h.v.i.util.Version - [<clinit>,21] - HV000001: Hibernate Validator 6.2.3.Final
23:54:31.053 [restartedMain] INFO  o.a.c.h.Http11NioProtocol - [log,173] - Initializing ProtocolHandler ["http-nio-8080"]
23:54:31.055 [restartedMain] INFO  o.a.c.c.StandardService - [log,173] - Starting service [Tomcat]
23:54:31.055 [restartedMain] INFO  o.a.c.c.StandardEngine - [log,173] - Starting Servlet engine: [Apache Tomcat/9.0.63]
23:54:31.102 [restartedMain] INFO  o.a.c.c.C.[.[.[/] - [log,173] - Initializing Spring embedded WebApplicationContext
23:54:32.776 [restartedMain] INFO  c.a.d.p.DruidDataSource - [init,985] - {dataSource-1} inited
23:54:34.055 [restartedMain] INFO  o.q.i.StdSchedulerFactory - [instantiate,1220] - Using default implementation for ThreadExecutor
23:54:34.062 [restartedMain] INFO  o.q.c.SchedulerSignalerImpl - [<init>,61] - Initialized Scheduler Signaller of type: class org.quartz.core.SchedulerSignalerImpl
23:54:34.063 [restartedMain] INFO  o.q.c.QuartzScheduler - [<init>,229] - Quartz Scheduler v.2.3.2 created.
23:54:34.064 [restartedMain] INFO  o.q.s.RAMJobStore - [initialize,155] - RAMJobStore initialized.
23:54:34.065 [restartedMain] INFO  o.q.c.QuartzScheduler - [initialize,294] - Scheduler meta-data: Quartz Scheduler (v2.3.2) 'quartzScheduler' with instanceId 'NON_CLUSTERED'
  Scheduler class: 'org.quartz.core.QuartzScheduler' - running locally.
  NOT STARTED.
  Currently in standby mode.
  Number of jobs executed: 0
  Using thread pool 'org.quartz.simpl.SimpleThreadPool' - with 10 threads.
  Using job-store 'org.quartz.simpl.RAMJobStore' - which does not support persistence. and is not clustered.

23:54:34.065 [restartedMain] INFO  o.q.i.StdSchedulerFactory - [instantiate,1374] - Quartz scheduler 'quartzScheduler' initialized from an externally provided properties instance.
23:54:34.065 [restartedMain] INFO  o.q.i.StdSchedulerFactory - [instantiate,1378] - Quartz scheduler version: 2.3.2
23:54:34.066 [restartedMain] INFO  o.q.c.QuartzScheduler - [setJobFactory,2293] - JobFactory set to: org.springframework.scheduling.quartz.SpringBeanJobFactory@6720655a
23:54:35.424 [restartedMain] INFO  o.a.c.h.Http11NioProtocol - [log,173] - Starting ProtocolHandler ["http-nio-8080"]
23:54:35.746 [restartedMain] INFO  o.q.c.QuartzScheduler - [start,547] - Scheduler quartzScheduler_$_NON_CLUSTERED started.
23:54:35.764 [restartedMain] INFO  c.r.RuoYiApplication - [logStarted,61] - Started RuoYiApplication in 7.387 seconds (JVM running for 7.997)
23:54:43.244 [http-nio-8080-exec-1] INFO  o.a.c.c.C.[.[.[/] - [log,173] - Initializing Spring DispatcherServlet 'dispatcherServlet'
23:54:48.192 [http-nio-8080-exec-3] INFO  c.r.f.w.s.UserDetailsServiceImpl - [loadUserByUsername,42] - 登录用户：root 不存在.
23:54:48.220 [schedule-pool-1] INFO  sys-user - [run,55] - [127.0.0.1]内网IP[root][Error][登录用户：root 不存在]
23:56:41.597 [http-nio-8080-exec-7] INFO  c.r.f.w.s.UserDetailsServiceImpl - [loadUserByUsername,42] - 登录用户：root 不存在.
23:56:41.611 [schedule-pool-1] INFO  sys-user - [run,55] - [127.0.0.1]内网IP[root][Error][登录用户：root 不存在]
23:58:49.862 [schedule-pool-2] INFO  sys-user - [run,55] - [127.0.0.1]内网IP[root][Error][验证码错误]
23:58:53.176 [http-nio-8080-exec-12] INFO  c.r.f.w.s.UserDetailsServiceImpl - [loadUserByUsername,42] - 登录用户：root 不存在.
23:58:53.190 [schedule-pool-1] INFO  sys-user - [run,55] - [127.0.0.1]内网IP[root][Error][登录用户：root 不存在]
